生成启动时间为 2019/3/24 10:43:48。
     1>项目“C:\Users\DELL\Desktop\C语言\3.24日学习\3.24日学习\3.24日学习.vcxproj”在节点 2 上(build 个目标)。
     1>InitializeBuildStatus:
         正在对“Debug\3.24日学习.unsuccessfulbuild”执行 Touch 任务。
       ClCompile:
         D:\360安全浏览器下载\VC\bin\CL.exe /c /ZI /nologo /W3 /WX- /Od /Oy- /D _UNICODE /D UNICODE /Gm /EHsc /RTC1 /MDd /GS /fp:precise /Zc:wchar_t /Zc:forScope /Fo"Debug\\" /Fd"Debug\vc100.pdb" /Gd /TC /analyze- /errorReport:prompt test.c
         test.c
     1>c:\users\dell\desktop\c语言\3.24日学习\3.24日学习\test.c(20): error C2065: “brank”: 未声明的标识符
     1>c:\users\dell\desktop\c语言\3.24日学习\3.24日学习\test.c(23): error C2065: “brank”: 未声明的标识符
     1>c:\users\dell\desktop\c语言\3.24日学习\3.24日学习\test.c(26): error C2065: “brank”: 未声明的标识符
     1>已完成生成项目“C:\Users\DELL\Desktop\C语言\3.24日学习\3.24日学习\3.24日学习.vcxproj”(build 个目标)的操作 - 失败。

生成失败。

已用时间 00:00:00.56
